<?xml version="1.0" encoding="UTF-8"?>
<!-- Generated by org.testng.reporters.JUnitReportReporter -->
<testsuite hostname="DESKTOP-R1NH31R" failures="0" tests="3" name="auto.NewTest" time="0.017" errors="0" timestamp="2021-08-14T09:52:16 IST" skipped="0">
  <testcase classname="auto.NewTest" name="m" time="0.012"/>
  <system-out/>
  <testcase classname="auto.NewTest" name="n" time="0.003"/>
  <system-out/>
  <testcase classname="auto.NewTest" name="f" time="0.002"/>
  <system-out/>
</testsuite> <!-- auto.NewTest -->
